D:\ReactWithASP.NetCoreMVC\ReactWithASP.NETCoreMVC\ReactWithMVC\clientapp\src\components\Login.js
D:\ReactWithASP.NetCoreMVC\ReactWithASP.NETCoreMVC\ReactWithMVC\clientapp\src\components\Login.js.map
D:\ReactWithASP.NetCoreMVC\ReactWithASP.NETCoreMVC\ReactWithMVC\clientapp\src\components\Admin.js
D:\ReactWithASP.NetCoreMVC\ReactWithASP.NETCoreMVC\ReactWithMVC\clientapp\src\components\Admin.js.map
D:\ReactWithASP.NetCoreMVC\ReactWithASP.NETCoreMVC\ReactWithMVC\clientapp\src\Dependencies\Button\ButtonStyle.js
D:\ReactWithASP.NetCoreMVC\ReactWithASP.NETCoreMVC\ReactWithMVC\clientapp\src\Dependencies\Button\ButtonStyle.js.map
D:\ReactWithASP.NetCoreMVC\ReactWithASP.NETCoreMVC\ReactWithMVC\clientapp\src\Dependencies\Button\index.js
D:\ReactWithASP.NetCoreMVC\ReactWithASP.NETCoreMVC\ReactWithMVC\clientapp\src\Dependencies\Button\index.js.map
D:\ReactWithASP.NetCoreMVC\ReactWithASP.NETCoreMVC\ReactWithMVC\clientapp\src\components\Dashboard.js
D:\ReactWithASP.NetCoreMVC\ReactWithASP.NETCoreMVC\ReactWithMVC\clientapp\src\components\Dashboard.js.map
D:\ReactWithASP.NetCoreMVC\ReactWithASP.NETCoreMVC\ReactWithMVC\clientapp\src\components\User.js
D:\ReactWithASP.NetCoreMVC\ReactWithASP.NETCoreMVC\ReactWithMVC\clientapp\src\components\User.js.map
D:\ReactWithASP.NetCoreMVC\ReactWithASP.NETCoreMVC\ReactWithMVC\clientapp\src\common\data.js
D:\ReactWithASP.NetCoreMVC\ReactWithASP.NETCoreMVC\ReactWithMVC\clientapp\src\common\data.js.map
D:\ReactWithASP.NetCoreMVC\ReactWithASP.NETCoreMVC\ReactWithMVC\clientapp\src\components\Test\Test1.js
D:\ReactWithASP.NetCoreMVC\ReactWithASP.NETCoreMVC\ReactWithMVC\clientapp\src\components\Test\Test1.js.map
D:\ReactWithASP.NetCoreMVC\ReactWithASP.NETCoreMVC\ReactWithMVC\clientapp\src\components\Test\Test2.js
D:\ReactWithASP.NetCoreMVC\ReactWithASP.NETCoreMVC\ReactWithMVC\clientapp\src\components\Test\Test2.js.map
D:\ReactWithASP.NetCoreMVC\ReactWithASP.NETCoreMVC\ReactWithMVC\clientapp\src\App.js
D:\ReactWithASP.NetCoreMVC\ReactWithASP.NETCoreMVC\ReactWithMVC\clientapp\src\App.js.map
D:\ReactWithASP.NetCoreMVC\ReactWithASP.NETCoreMVC\ReactWithMVC\clientapp\src\App.test.js
D:\ReactWithASP.NetCoreMVC\ReactWithASP.NETCoreMVC\ReactWithMVC\clientapp\src\App.test.js.map
D:\ReactWithASP.NetCoreMVC\ReactWithASP.NETCoreMVC\ReactWithMVC\clientapp\src\reportWebVitals.js
D:\ReactWithASP.NetCoreMVC\ReactWithASP.NETCoreMVC\ReactWithMVC\clientapp\src\reportWebVitals.js.map
D:\ReactWithASP.NetCoreMVC\ReactWithASP.NETCoreMVC\ReactWithMVC\clientapp\src\index.js
D:\ReactWithASP.NetCoreMVC\ReactWithASP.NETCoreMVC\ReactWithMVC\clientapp\src\index.js.map
D:\ReactWithASP.NetCoreMVC\ReactWithASP.NETCoreMVC\ReactWithMVC\clientapp\src\setupTests.js
D:\ReactWithASP.NetCoreMVC\ReactWithASP.NETCoreMVC\ReactWithMVC\clientapp\src\setupTests.js.map
D:\ReactWithASP.NetCoreMVC\ReactWithASP.NETCoreMVC\ReactWithMVC\clientapp\src\common\functions.js
D:\ReactWithASP.NetCoreMVC\ReactWithASP.NETCoreMVC\ReactWithMVC\clientapp\src\common\functions.js.map
D:\ReactWithASP.NetCoreMVC\ReactWithASP.NETCoreMVC\ReactWithMVC\clientapp\src\components\Test\TestWrapper.js
D:\ReactWithASP.NetCoreMVC\ReactWithASP.NETCoreMVC\ReactWithMVC\clientapp\src\components\Test\TestWrapper.js.map
D:\ReactWithASP.NetCoreMVC\ReactWithASP.NETCoreMVC\ReactWithMVC\clientapp\src\components\Test.js
D:\ReactWithASP.NetCoreMVC\ReactWithASP.NETCoreMVC\ReactWithMVC\clientapp\src\components\Test.js.map
